  stdafx.cpp
  Weapon.cpp
  UserInterface.cpp
  Tree.cpp
c:\users\qsc14\desktop\슈팅게임\api_shooting - ver13\api_shooting\tree.cpp(47): warning C4244: '인수': 'float'에서 'int'(으)로 변환하면서 데이터가 손실될 수 있습니다.
c:\users\qsc14\desktop\슈팅게임\api_shooting - ver13\api_shooting\tree.cpp(50): warning C4244: '인수': 'float'에서 'int'(으)로 변환하면서 데이터가 손실될 수 있습니다.
c:\users\qsc14\desktop\슈팅게임\api_shooting - ver13\api_shooting\tree.cpp(51): warning C4244: '인수': 'float'에서 'int'(으)로 변환하면서 데이터가 손실될 수 있습니다.
c:\users\qsc14\desktop\슈팅게임\api_shooting - ver13\api_shooting\tree.cpp(54): warning C4244: '인수': 'float'에서 'int'(으)로 변환하면서 데이터가 손실될 수 있습니다.
  StageMgr.cpp
  Shield.cpp
c:\users\qsc14\desktop\슈팅게임\api_shooting - ver13\api_shooting\shield.cpp(36): warning C4244: '=': 'float'에서 'LONG'(으)로 변환하면서 데이터가 손실될 수 있습니다.
c:\users\qsc14\desktop\슈팅게임\api_shooting - ver13\api_shooting\shield.cpp(37): warning C4244: '=': 'float'에서 'LONG'(으)로 변환하면서 데이터가 손실될 수 있습니다.
c:\users\qsc14\desktop\슈팅게임\api_shooting - ver13\api_shooting\shield.cpp(41): warning C4244: '+=': 'float'에서 'LONG'(으)로 변환하면서 데이터가 손실될 수 있습니다.
  ScoreBox.cpp
  Player.cpp
c:\users\qsc14\desktop\슈팅게임\api_shooting - ver13\api_shooting\player.cpp(66): warning C4244: '인수': 'float'에서 'int'(으)로 변환하면서 데이터가 손실될 수 있습니다.
c:\users\qsc14\desktop\슈팅게임\api_shooting - ver13\api_shooting\player.cpp(67): warning C4244: '인수': 'float'에서 'int'(으)로 변환하면서 데이터가 손실될 수 있습니다.
c:\users\qsc14\desktop\슈팅게임\api_shooting - ver13\api_shooting\player.cpp(68): warning C4244: '인수': 'float'에서 'int'(으)로 변환하면서 데이터가 손실될 수 있습니다.
c:\users\qsc14\desktop\슈팅게임\api_shooting - ver13\api_shooting\player.cpp(69): warning C4244: '인수': 'float'에서 'int'(으)로 변환하면서 데이터가 손실될 수 있습니다.
c:\users\qsc14\desktop\슈팅게임\api_shooting - ver13\api_shooting\player.cpp(70): warning C4244: '인수': 'float'에서 'int'(으)로 변환하면서 데이터가 손실될 수 있습니다.
c:\users\qsc14\desktop\슈팅게임\api_shooting - ver13\api_shooting\player.cpp(77): warning C4244: '인수': 'float'에서 'int'(으)로 변환하면서 데이터가 손실될 수 있습니다.
c:\users\qsc14\desktop\슈팅게임\api_shooting - ver13\api_shooting\player.cpp(78): warning C4244: '인수': 'float'에서 'int'(으)로 변환하면서 데이터가 손실될 수 있습니다.
c:\users\qsc14\desktop\슈팅게임\api_shooting - ver13\api_shooting\player.cpp(79): warning C4244: '인수': 'float'에서 'int'(으)로 변환하면서 데이터가 손실될 수 있습니다.
c:\users\qsc14\desktop\슈팅게임\api_shooting - ver13\api_shooting\player.cpp(80): warning C4244: '인수': 'float'에서 'int'(으)로 변환하면서 데이터가 손실될 수 있습니다.
c:\users\qsc14\desktop\슈팅게임\api_shooting - ver13\api_shooting\player.cpp(81): warning C4244: '인수': 'float'에서 'int'(으)로 변환하면서 데이터가 손실될 수 있습니다.
c:\users\qsc14\desktop\슈팅게임\api_shooting - ver13\api_shooting\player.cpp(253): warning C4244: '초기화 중': 'int'에서 'float'(으)로 변환하면서 데이터가 손실될 수 있습니다.
c:\users\qsc14\desktop\슈팅게임\api_shooting - ver13\api_shooting\player.cpp(256): warning C4244: '인수': 'int'에서 'float'(으)로 변환하면서 데이터가 손실될 수 있습니다.
  Pet.cpp
c:\users\qsc14\desktop\슈팅게임\api_shooting - ver13\api_shooting\pet.cpp(48): warning C4244: '인수': 'float'에서 'int'(으)로 변환하면서 데이터가 손실될 수 있습니다.
c:\users\qsc14\desktop\슈팅게임\api_shooting - ver13\api_shooting\pet.cpp(51): warning C4244: '인수': 'float'에서 'int'(으)로 변환하면서 데이터가 손실될 수 있습니다.
  Particle.cpp
  ObjMgr.cpp
  Obj.cpp
  NormalMonster.cpp
c:\users\qsc14\desktop\슈팅게임\api_shooting - ver13\api_shooting\normalmonster.cpp(80): warning C4244: '인수': 'float'에서 'int'(으)로 변환하면서 데이터가 손실될 수 있습니다.
c:\users\qsc14\desktop\슈팅게임\api_shooting - ver13\api_shooting\normalmonster.cpp(81): warning C4244: '인수': 'float'에서 'int'(으)로 변환하면서 데이터가 손실될 수 있습니다.
c:\users\qsc14\desktop\슈팅게임\api_shooting - ver13\api_shooting\normalmonster.cpp(82): warning C4244: '인수': 'float'에서 'int'(으)로 변환하면서 데이터가 손실될 수 있습니다.
c:\users\qsc14\desktop\슈팅게임\api_shooting - ver13\api_shooting\normalmonster.cpp(83): warning C4244: '인수': 'float'에서 'int'(으)로 변환하면서 데이터가 손실될 수 있습니다.
c:\users\qsc14\desktop\슈팅게임\api_shooting - ver13\api_shooting\normalmonster.cpp(84): warning C4244: '인수': 'float'에서 'int'(으)로 변환하면서 데이터가 손실될 수 있습니다.
c:\users\qsc14\desktop\슈팅게임\api_shooting - ver13\api_shooting\normalmonster.cpp(85): warning C4244: '인수': 'float'에서 'int'(으)로 변환하면서 데이터가 손실될 수 있습니다.
c:\users\qsc14\desktop\슈팅게임\api_shooting - ver13\api_shooting\normalmonster.cpp(86): warning C4244: '인수': 'float'에서 'int'(으)로 변환하면서 데이터가 손실될 수 있습니다.
c:\users\qsc14\desktop\슈팅게임\api_shooting - ver13\api_shooting\normalmonster.cpp(87): warning C4244: '인수': 'float'에서 'int'(으)로 변환하면서 데이터가 손실될 수 있습니다.
c:\users\qsc14\desktop\슈팅게임\api_shooting - ver13\api_shooting\normalmonster.cpp(105): warning C4244: '초기화 중': 'DWORD'에서 'float'(으)로 변환하면서 데이터가 손실될 수 있습니다.
c:\users\qsc14\desktop\슈팅게임\api_shooting - ver13\api_shooting\normalmonster.cpp(108): warning C4244: '인수': 'DWORD'에서 'float'(으)로 변환하면서 데이터가 손실될 수 있습니다.
c:\users\qsc14\desktop\슈팅게임\api_shooting - ver13\api_shooting\normalmonster.cpp(118): warning C4244: '초기화 중': 'DWORD'에서 'float'(으)로 변환하면서 데이터가 손실될 수 있습니다.
c:\users\qsc14\desktop\슈팅게임\api_shooting - ver13\api_shooting\normalmonster.cpp(121): warning C4244: '인수': 'DWORD'에서 'float'(으)로 변환하면서 데이터가 손실될 수 있습니다.
  MonsterPatternMgr.cpp
  Monster.cpp
  MainGame.cpp
  Item.cpp
c:\users\qsc14\desktop\슈팅게임\api_shooting - ver13\api_shooting\item.cpp(4): warning C4244: '초기화 중': 'float'에서 'int'(으)로 변환하면서 데이터가 손실될 수 있습니다.
c:\users\qsc14\desktop\슈팅게임\api_shooting - ver13\api_shooting\item.cpp(215): warning C4244: '인수': 'double'에서 'int'(으)로 변환하면서 데이터가 손실될 수 있습니다.
  HpBox.cpp
  FallingStar.cpp
c:\users\qsc14\desktop\슈팅게임\api_shooting - ver13\api_shooting\fallingstar.cpp(29): warning C4244: '=': 'int'에서 'float'(으)로 변환하면서 데이터가 손실될 수 있습니다.
c:\users\qsc14\desktop\슈팅게임\api_shooting - ver13\api_shooting\fallingstar.cpp(58): warning C4244: '인수': 'float'에서 'int'(으)로 변환하면서 데이터가 손실될 수 있습니다.
c:\users\qsc14\desktop\슈팅게임\api_shooting - ver13\api_shooting\fallingstar.cpp(61): warning C4244: '인수': 'float'에서 'int'(으)로 변환하면서 데이터가 손실될 수 있습니다.
c:\users\qsc14\desktop\슈팅게임\api_shooting - ver13\api_shooting\fallingstar.cpp(65): warning C4244: '인수': 'float'에서 'int'(으)로 변환하면서 데이터가 손실될 수 있습니다.
c:\users\qsc14\desktop\슈팅게임\api_shooting - ver13\api_shooting\fallingstar.cpp(68): warning C4244: '인수': 'float'에서 'int'(으)로 변환하면서 데이터가 손실될 수 있습니다.
c:\users\qsc14\desktop\슈팅게임\api_shooting - ver13\api_shooting\fallingstar.cpp(70): warning C4244: '인수': 'float'에서 'int'(으)로 변환하면서 데이터가 손실될 수 있습니다.
c:\users\qsc14\desktop\슈팅게임\api_shooting - ver13\api_shooting\fallingstar.cpp(73): warning C4244: '인수': 'float'에서 'int'(으)로 변환하면서 데이터가 손실될 수 있습니다.
  EndScreen.cpp
  DistanceMgr.cpp
  코드를 생성하고 있습니다...
  컴파일하고 있습니다...
  CollilusionMgr.cpp
  BulletTypeBox.cpp
  BulletPowerBox.cpp
  BulletMonster.cpp
c:\users\qsc14\desktop\슈팅게임\api_shooting - ver13\api_shooting\bulletmonster.cpp(87): warning C4244: '인수': 'float'에서 'int'(으)로 변환하면서 데이터가 손실될 수 있습니다.
c:\users\qsc14\desktop\슈팅게임\api_shooting - ver13\api_shooting\bulletmonster.cpp(89): warning C4244: '인수': 'float'에서 'int'(으)로 변환하면서 데이터가 손실될 수 있습니다.
c:\users\qsc14\desktop\슈팅게임\api_shooting - ver13\api_shooting\bulletmonster.cpp(91): warning C4244: '인수': 'float'에서 'int'(으)로 변환하면서 데이터가 손실될 수 있습니다.
c:\users\qsc14\desktop\슈팅게임\api_shooting - ver13\api_shooting\bulletmonster.cpp(93): warning C4244: '인수': 'float'에서 'int'(으)로 변환하면서 데이터가 손실될 수 있습니다.
c:\users\qsc14\desktop\슈팅게임\api_shooting - ver13\api_shooting\bulletmonster.cpp(112): warning C4244: '초기화 중': 'DWORD'에서 'float'(으)로 변환하면서 데이터가 손실될 수 있습니다.
c:\users\qsc14\desktop\슈팅게임\api_shooting - ver13\api_shooting\bulletmonster.cpp(115): warning C4244: '인수': 'DWORD'에서 'float'(으)로 변환하면서 데이터가 손실될 수 있습니다.
c:\users\qsc14\desktop\슈팅게임\api_shooting - ver13\api_shooting\bulletmonster.cpp(125): warning C4244: '초기화 중': 'DWORD'에서 'float'(으)로 변환하면서 데이터가 손실될 수 있습니다.
c:\users\qsc14\desktop\슈팅게임\api_shooting - ver13\api_shooting\bulletmonster.cpp(128): warning C4244: '인수': 'DWORD'에서 'float'(으)로 변환하면서 데이터가 손실될 수 있습니다.
  Bullet.cpp
  Building.cpp
  BossMonster.cpp
c:\users\qsc14\desktop\슈팅게임\api_shooting - ver13\api_shooting\bossmonster.cpp(86): warning C4244: '인수': 'float'에서 'int'(으)로 변환하면서 데이터가 손실될 수 있습니다.
c:\users\qsc14\desktop\슈팅게임\api_shooting - ver13\api_shooting\bossmonster.cpp(87): warning C4244: '인수': 'float'에서 'int'(으)로 변환하면서 데이터가 손실될 수 있습니다.
c:\users\qsc14\desktop\슈팅게임\api_shooting - ver13\api_shooting\bossmonster.cpp(88): warning C4244: '인수': 'float'에서 'int'(으)로 변환하면서 데이터가 손실될 수 있습니다.
c:\users\qsc14\desktop\슈팅게임\api_shooting - ver13\api_shooting\bossmonster.cpp(89): warning C4244: '인수': 'float'에서 'int'(으)로 변환하면서 데이터가 손실될 수 있습니다.
c:\users\qsc14\desktop\슈팅게임\api_shooting - ver13\api_shooting\bossmonster.cpp(92): warning C4244: '인수': 'float'에서 'int'(으)로 변환하면서 데이터가 손실될 수 있습니다.
c:\users\qsc14\desktop\슈팅게임\api_shooting - ver13\api_shooting\bossmonster.cpp(93): warning C4244: '인수': 'float'에서 'int'(으)로 변환하면서 데이터가 손실될 수 있습니다.
c:\users\qsc14\desktop\슈팅게임\api_shooting - ver13\api_shooting\bossmonster.cpp(94): warning C4244: '인수': 'float'에서 'int'(으)로 변환하면서 데이터가 손실될 수 있습니다.
c:\users\qsc14\desktop\슈팅게임\api_shooting - ver13\api_shooting\bossmonster.cpp(95): warning C4244: '인수': 'float'에서 'int'(으)로 변환하면서 데이터가 손실될 수 있습니다.
c:\users\qsc14\desktop\슈팅게임\api_shooting - ver13\api_shooting\bossmonster.cpp(96): warning C4244: '인수': 'float'에서 'int'(으)로 변환하면서 데이터가 손실될 수 있습니다.
c:\users\qsc14\desktop\슈팅게임\api_shooting - ver13\api_shooting\bossmonster.cpp(98): warning C4244: '인수': 'float'에서 'int'(으)로 변환하면서 데이터가 손실될 수 있습니다.
c:\users\qsc14\desktop\슈팅게임\api_shooting - ver13\api_shooting\bossmonster.cpp(99): warning C4244: '인수': 'float'에서 'int'(으)로 변환하면서 데이터가 손실될 수 있습니다.
c:\users\qsc14\desktop\슈팅게임\api_shooting - ver13\api_shooting\bossmonster.cpp(100): warning C4244: '인수': 'float'에서 'int'(으)로 변환하면서 데이터가 손실될 수 있습니다.
c:\users\qsc14\desktop\슈팅게임\api_shooting - ver13\api_shooting\bossmonster.cpp(101): warning C4244: '인수': 'float'에서 'int'(으)로 변환하면서 데이터가 손실될 수 있습니다.
c:\users\qsc14\desktop\슈팅게임\api_shooting - ver13\api_shooting\bossmonster.cpp(105): warning C4244: '인수': 'float'에서 'int'(으)로 변환하면서 데이터가 손실될 수 있습니다.
c:\users\qsc14\desktop\슈팅게임\api_shooting - ver13\api_shooting\bossmonster.cpp(106): warning C4244: '인수': 'float'에서 'int'(으)로 변환하면서 데이터가 손실될 수 있습니다.
c:\users\qsc14\desktop\슈팅게임\api_shooting - ver13\api_shooting\bossmonster.cpp(108): warning C4244: '인수': 'float'에서 'int'(으)로 변환하면서 데이터가 손실될 수 있습니다.
c:\users\qsc14\desktop\슈팅게임\api_shooting - ver13\api_shooting\bossmonster.cpp(109): warning C4244: '인수': 'float'에서 'int'(으)로 변환하면서 데이터가 손실될 수 있습니다.
c:\users\qsc14\desktop\슈팅게임\api_shooting - ver13\api_shooting\bossmonster.cpp(119): warning C4244: '인수': 'float'에서 'int'(으)로 변환하면서 데이터가 손실될 수 있습니다.
c:\users\qsc14\desktop\슈팅게임\api_shooting - ver13\api_shooting\bossmonster.cpp(120): warning C4244: '인수': 'float'에서 'int'(으)로 변환하면서 데이터가 손실될 수 있습니다.
c:\users\qsc14\desktop\슈팅게임\api_shooting - ver13\api_shooting\bossmonster.cpp(121): warning C4244: '인수': 'float'에서 'int'(으)로 변환하면서 데이터가 손실될 수 있습니다.
c:\users\qsc14\desktop\슈팅게임\api_shooting - ver13\api_shooting\bossmonster.cpp(122): warning C4244: '인수': 'float'에서 'int'(으)로 변환하면서 데이터가 손실될 수 있습니다.
c:\users\qsc14\desktop\슈팅게임\api_shooting - ver13\api_shooting\bossmonster.cpp(124): warning C4244: '인수': 'float'에서 'int'(으)로 변환하면서 데이터가 손실될 수 있습니다.
c:\users\qsc14\desktop\슈팅게임\api_shooting - ver13\api_shooting\bossmonster.cpp(125): warning C4244: '인수': 'float'에서 'int'(으)로 변환하면서 데이터가 손실될 수 있습니다.
c:\users\qsc14\desktop\슈팅게임\api_shooting - ver13\api_shooting\bossmonster.cpp(127): warning C4244: '인수': 'float'에서 'int'(으)로 변환하면서 데이터가 손실될 수 있습니다.
c:\users\qsc14\desktop\슈팅게임\api_shooting - ver13\api_shooting\bossmonster.cpp(128): warning C4244: '인수': 'float'에서 'int'(으)로 변환하면서 데이터가 손실될 수 있습니다.
c:\users\qsc14\desktop\슈팅게임\api_shooting - ver13\api_shooting\bossmonster.cpp(130): warning C4244: '인수': 'float'에서 'int'(으)로 변환하면서 데이터가 손실될 수 있습니다.
c:\users\qsc14\desktop\슈팅게임\api_shooting - ver13\api_shooting\bossmonster.cpp(131): warning C4244: '인수': 'float'에서 'int'(으)로 변환하면서 데이터가 손실될 수 있습니다.
c:\users\qsc14\desktop\슈팅게임\api_shooting - ver13\api_shooting\bossmonster.cpp(132): warning C4244: '인수': 'float'에서 'int'(으)로 변환하면서 데이터가 손실될 수 있습니다.
c:\users\qsc14\desktop\슈팅게임\api_shooting - ver13\api_shooting\bossmonster.cpp(134): warning C4244: '인수': 'float'에서 'int'(으)로 변환하면서 데이터가 손실될 수 있습니다.
c:\users\qsc14\desktop\슈팅게임\api_shooting - ver13\api_shooting\bossmonster.cpp(138): warning C4244: '인수': 'float'에서 'int'(으)로 변환하면서 데이터가 손실될 수 있습니다.
c:\users\qsc14\desktop\슈팅게임\api_shooting - ver13\api_shooting\bossmonster.cpp(139): warning C4244: '인수': 'float'에서 'int'(으)로 변환하면서 데이터가 손실될 수 있습니다.
c:\users\qsc14\desktop\슈팅게임\api_shooting - ver13\api_shooting\bossmonster.cpp(140): warning C4244: '인수': 'float'에서 'int'(으)로 변환하면서 데이터가 손실될 수 있습니다.
c:\users\qsc14\desktop\슈팅게임\api_shooting - ver13\api_shooting\bossmonster.cpp(141): warning C4244: '인수': 'float'에서 'int'(으)로 변환하면서 데이터가 손실될 수 있습니다.
c:\users\qsc14\desktop\슈팅게임\api_shooting - ver13\api_shooting\bossmonster.cpp(143): warning C4244: '인수': 'float'에서 'int'(으)로 변환하면서 데이터가 손실될 수 있습니다.
c:\users\qsc14\desktop\슈팅게임\api_shooting - ver13\api_shooting\bossmonster.cpp(144): warning C4244: '인수': 'float'에서 'int'(으)로 변환하면서 데이터가 손실될 수 있습니다.
c:\users\qsc14\desktop\슈팅게임\api_shooting - ver13\api_shooting\bossmonster.cpp(145): warning C4244: '인수': 'float'에서 'int'(으)로 변환하면서 데이터가 손실될 수 있습니다.
c:\users\qsc14\desktop\슈팅게임\api_shooting - ver13\api_shooting\bossmonster.cpp(146): warning C4244: '인수': 'float'에서 'int'(으)로 변환하면서 데이터가 손실될 수 있습니다.
c:\users\qsc14\desktop\슈팅게임\api_shooting - ver13\api_shooting\bossmonster.cpp(148): warning C4244: '인수': 'float'에서 'int'(으)로 변환하면서 데이터가 손실될 수 있습니다.
c:\users\qsc14\desktop\슈팅게임\api_shooting - ver13\api_shooting\bossmonster.cpp(149): warning C4244: '인수': 'float'에서 'int'(으)로 변환하면서 데이터가 손실될 수 있습니다.
c:\users\qsc14\desktop\슈팅게임\api_shooting - ver13\api_shooting\bossmonster.cpp(150): warning C4244: '인수': 'float'에서 'int'(으)로 변환하면서 데이터가 손실될 수 있습니다.
c:\users\qsc14\desktop\슈팅게임\api_shooting - ver13\api_shooting\bossmonster.cpp(151): warning C4244: '인수': 'float'에서 'int'(으)로 변환하면서 데이터가 손실될 수 있습니다.
c:\users\qsc14\desktop\슈팅게임\api_shooting - ver13\api_shooting\bossmonster.cpp(152): warning C4244: '인수': 'float'에서 'int'(으)로 변환하면서 데이터가 손실될 수 있습니다.
c:\users\qsc14\desktop\슈팅게임\api_shooting - ver13\api_shooting\bossmonster.cpp(153): warning C4244: '인수': 'float'에서 'int'(으)로 변환하면서 데이터가 손실될 수 있습니다.
c:\users\qsc14\desktop\슈팅게임\api_shooting - ver13\api_shooting\bossmonster.cpp(162): warning C4244: '인수': 'float'에서 'int'(으)로 변환하면서 데이터가 손실될 수 있습니다.
c:\users\qsc14\desktop\슈팅게임\api_shooting - ver13\api_shooting\bossmonster.cpp(163): warning C4244: '인수': 'float'에서 'int'(으)로 변환하면서 데이터가 손실될 수 있습니다.
c:\users\qsc14\desktop\슈팅게임\api_shooting - ver13\api_shooting\bossmonster.cpp(164): warning C4244: '인수': 'float'에서 'int'(으)로 변환하면서 데이터가 손실될 수 있습니다.
c:\users\qsc14\desktop\슈팅게임\api_shooting - ver13\api_shooting\bossmonster.cpp(165): warning C4244: '인수': 'float'에서 'int'(으)로 변환하면서 데이터가 손실될 수 있습니다.
c:\users\qsc14\desktop\슈팅게임\api_shooting - ver13\api_shooting\bossmonster.cpp(167): warning C4244: '인수': 'float'에서 'int'(으)로 변환하면서 데이터가 손실될 수 있습니다.
c:\users\qsc14\desktop\슈팅게임\api_shooting - ver13\api_shooting\bossmonster.cpp(168): warning C4244: '인수': 'float'에서 'int'(으)로 변환하면서 데이터가 손실될 수 있습니다.
c:\users\qsc14\desktop\슈팅게임\api_shooting - ver13\api_shooting\bossmonster.cpp(170): warning C4244: '인수': 'float'에서 'int'(으)로 변환하면서 데이터가 손실될 수 있습니다.
c:\users\qsc14\desktop\슈팅게임\api_shooting - ver13\api_shooting\bossmonster.cpp(171): warning C4244: '인수': 'float'에서 'int'(으)로 변환하면서 데이터가 손실될 수 있습니다.
c:\users\qsc14\desktop\슈팅게임\api_shooting - ver13\api_shooting\bossmonster.cpp(173): warning C4244: '인수': 'float'에서 'int'(으)로 변환하면서 데이터가 손실될 수 있습니다.
c:\users\qsc14\desktop\슈팅게임\api_shooting - ver13\api_shooting\bossmonster.cpp(174): warning C4244: '인수': 'float'에서 'int'(으)로 변환하면서 데이터가 손실될 수 있습니다.
c:\users\qsc14\desktop\슈팅게임\api_shooting - ver13\api_shooting\bossmonster.cpp(175): warning C4244: '인수': 'float'에서 'int'(으)로 변환하면서 데이터가 손실될 수 있습니다.
c:\users\qsc14\desktop\슈팅게임\api_shooting - ver13\api_shooting\bossmonster.cpp(177): warning C4244: '인수': 'float'에서 'int'(으)로 변환하면서 데이터가 손실될 수 있습니다.
  BossHpBar.cpp
  BombBox.cpp
c:\users\qsc14\desktop\슈팅게임\api_shooting - ver13\api_shooting\bombbox.cpp(55): warning C4244: '인수': 'double'에서 'int'(으)로 변환하면서 데이터가 손실될 수 있습니다.
  Bomb.cpp
  Background.cpp
  API_Shooting.cpp
  코드를 생성하고 있습니다...
  API_Shooting.vcxproj -> C:\Users\qsc14\Desktop\슈팅게임\API_Shooting - ver13\Debug\API_Shooting.exe
