c:\users\qsc14\onedrive\문서\카카오톡 받은 파일\api_shooting - ver10\api_shooting\debug\api_shooting.pch
c:\users\qsc14\onedrive\문서\카카오톡 받은 파일\api_shooting - ver10\api_shooting\debug\vc140.pdb
c:\users\qsc14\onedrive\문서\카카오톡 받은 파일\api_shooting - ver10\api_shooting\debug\vc140.idb
c:\users\qsc14\onedrive\문서\카카오톡 받은 파일\api_shooting - ver10\api_shooting\debug\stdafx.obj
c:\users\qsc14\onedrive\문서\카카오톡 받은 파일\api_shooting - ver10\api_shooting\debug\bulletmonster.obj
c:\users\qsc14\onedrive\문서\카카오톡 받은 파일\api_shooting - ver10\api_shooting\debug\bulletpowerbox.obj
c:\users\qsc14\onedrive\문서\카카오톡 받은 파일\api_shooting - ver10\api_shooting\debug\bullettypebox.obj
c:\users\qsc14\onedrive\문서\카카오톡 받은 파일\api_shooting - ver10\api_shooting\debug\collilusionmgr.obj
c:\users\qsc14\onedrive\문서\카카오톡 받은 파일\api_shooting - ver10\api_shooting\debug\distancemgr.obj
c:\users\qsc14\onedrive\문서\카카오톡 받은 파일\api_shooting - ver10\api_shooting\debug\hpbox.obj
c:\users\qsc14\onedrive\문서\카카오톡 받은 파일\api_shooting - ver10\api_shooting\debug\item.obj
c:\users\qsc14\onedrive\문서\카카오톡 받은 파일\api_shooting - ver10\api_shooting\debug\maingame.obj
c:\users\qsc14\onedrive\문서\카카오톡 받은 파일\api_shooting - ver10\api_shooting\debug\monster.obj
c:\users\qsc14\onedrive\문서\카카오톡 받은 파일\api_shooting - ver10\api_shooting\debug\monsterpatternmgr.obj
c:\users\qsc14\onedrive\문서\카카오톡 받은 파일\api_shooting - ver10\api_shooting\debug\normalmonster.obj
c:\users\qsc14\onedrive\문서\카카오톡 받은 파일\api_shooting - ver10\api_shooting\debug\obj.obj
c:\users\qsc14\onedrive\문서\카카오톡 받은 파일\api_shooting - ver10\api_shooting\debug\objmgr.obj
c:\users\qsc14\onedrive\문서\카카오톡 받은 파일\api_shooting - ver10\api_shooting\debug\particle.obj
c:\users\qsc14\onedrive\문서\카카오톡 받은 파일\api_shooting - ver10\api_shooting\debug\shield.obj
c:\users\qsc14\onedrive\문서\카카오톡 받은 파일\api_shooting - ver10\api_shooting\debug\stagemgr.obj
c:\users\qsc14\onedrive\문서\카카오톡 받은 파일\api_shooting - ver10\api_shooting\debug\tree.obj
c:\users\qsc14\onedrive\문서\카카오톡 받은 파일\api_shooting - ver10\api_shooting\debug\userinterface.obj
c:\users\qsc14\onedrive\문서\카카오톡 받은 파일\api_shooting - ver10\api_shooting\debug\weapon.obj
c:\users\qsc14\onedrive\문서\카카오톡 받은 파일\api_shooting - ver10\api_shooting\debug\api_shooting.obj
c:\users\qsc14\onedrive\문서\카카오톡 받은 파일\api_shooting - ver10\api_shooting\debug\bomb.obj
c:\users\qsc14\onedrive\문서\카카오톡 받은 파일\api_shooting - ver10\api_shooting\debug\bombbox.obj
c:\users\qsc14\onedrive\문서\카카오톡 받은 파일\api_shooting - ver10\api_shooting\debug\bosshpbar.obj
c:\users\qsc14\onedrive\문서\카카오톡 받은 파일\api_shooting - ver10\api_shooting\debug\bossmonster.obj
c:\users\qsc14\onedrive\문서\카카오톡 받은 파일\api_shooting - ver10\api_shooting\debug\bullet.obj
c:\users\qsc14\onedrive\문서\카카오톡 받은 파일\api_shooting - ver10\api_shooting\debug\player.obj
c:\users\qsc14\onedrive\문서\카카오톡 받은 파일\api_shooting - ver10\api_shooting\debug\background.obj
c:\users\qsc14\onedrive\문서\카카오톡 받은 파일\api_shooting - ver10\api_shooting\debug\building.obj
c:\users\qsc14\onedrive\문서\카카오톡 받은 파일\api_shooting - ver10\api_shooting\debug\fallingstar.obj
c:\users\qsc14\onedrive\문서\카카오톡 받은 파일\api_shooting - ver10\debug\api_shooting.ilk
c:\users\qsc14\onedrive\문서\카카오톡 받은 파일\api_shooting - ver10\debug\api_shooting.exe
c:\users\qsc14\onedrive\문서\카카오톡 받은 파일\api_shooting - ver10\debug\api_shooting.pdb
c:\users\qsc14\onedrive\문서\카카오톡 받은 파일\api_shooting - ver10\api_shooting\debug\api_shooting.res
c:\users\qsc14\onedrive\문서\카카오톡 받은 파일\api_shooting - ver10\api_shooting\debug\api_shooting.tlog\cl.command.1.tlog
c:\users\qsc14\onedrive\문서\카카오톡 받은 파일\api_shooting - ver10\api_shooting\debug\api_shooting.tlog\cl.read.1.tlog
c:\users\qsc14\onedrive\문서\카카오톡 받은 파일\api_shooting - ver10\api_shooting\debug\api_shooting.tlog\cl.write.1.tlog
c:\users\qsc14\onedrive\문서\카카오톡 받은 파일\api_shooting - ver10\api_shooting\debug\api_shooting.tlog\link.command.1.tlog
c:\users\qsc14\onedrive\문서\카카오톡 받은 파일\api_shooting - ver10\api_shooting\debug\api_shooting.tlog\link.read.1.tlog
c:\users\qsc14\onedrive\문서\카카오톡 받은 파일\api_shooting - ver10\api_shooting\debug\api_shooting.tlog\link.write.1.tlog
c:\users\qsc14\onedrive\문서\카카오톡 받은 파일\api_shooting - ver10\api_shooting\debug\api_shooting.tlog\rc.command.1.tlog
c:\users\qsc14\onedrive\문서\카카오톡 받은 파일\api_shooting - ver10\api_shooting\debug\api_shooting.tlog\rc.read.1.tlog
c:\users\qsc14\onedrive\문서\카카오톡 받은 파일\api_shooting - ver10\api_shooting\debug\api_shooting.tlog\rc.write.1.tlog
